<?xml version="1.0" encoding="UTF-8"?>
<!-- Generated by org.testng.reporters.JUnitReportReporter -->
<testsuite hostname="Sonali" failures="0" tests="2" name="testNgorangehrm.LoginPage" time="2.402" errors="0" timestamp="2024-09-18T22:33:20 IST" skipped="0">
  <testcase classname="testNgorangehrm.LoginPage" name="loginWithInvalidCredentials" time="1.685"/>
  <testcase classname="testNgorangehrm.LoginPage" name="loginWithValidCredentials" time="0.717"/>
</testsuite> <!-- testNgorangehrm.LoginPage -->
